npm verb cli C:\Program Files\nodejs\node.exe C:\Users\walek\AppData\Roaming\npm\node_modules\npm\bin\npm-cli.js
npm info using npm@10.2.5
npm info using node@v20.15.1
npm verb title npm install
npm verb argv "install" "--legacy-peer-deps" "--loglevel" "verbose"
npm verb logfile logs-max:10 dir:C:\Users\walek\AppData\Local\npm-cache\_logs\2024-08-16T22_43_25_850Z-
npm verb logfile C:\Users\walek\AppData\Local\npm-cache\_logs\2024-08-16T22_43_25_850Z-debug-0.log
npm http fetch GET 200 https://registry.npmjs.org/@badeball%2fcypress-cucumber-preprocessor 362ms (cache revalidated)
npm http fetch GET 200 https://registry.npmjs.org/@cypress%2fbrowserify-preprocessor 1183ms (cache revalidated)
npm http fetch GET 200 https://registry.npmjs.org/@faker-js%2ffaker 188ms (cache revalidated)
npm http fetch GET 200 https://registry.npmjs.org/browserstack-cypress-cli 93ms (cache revalidated)
npm http fetch GET 200 https://registry.npmjs.org/cypress 85ms (cache revalidated)
npm http fetch GET 200 https://registry.npmjs.org/cypress-fill-command 604ms (cache revalidated)
npm http fetch GET 200 https://registry.npmjs.org/cypress-mailslurp 587ms (cache revalidated)
npm http fetch GET 200 https://registry.npmjs.org/multiple-cucumber-html-reporter 94ms (cache revalidated)
npm http fetch GET 200 https://registry.npmjs.org/cli-table 1182ms (cache revalidated)
npm http fetch GET 200 https://registry.npmjs.org/chalk 1184ms (cache revalidated)
npm http fetch GET 200 https://registry.npmjs.org/source-map 1175ms (cache revalidated)
npm http fetch GET 200 https://registry.npmjs.org/base64-js 1187ms (cache revalidated)
npm http fetch GET 200 https://registry.npmjs.org/is-path-inside 1181ms (cache revalidated)
npm http fetch GET 200 https://registry.npmjs.org/seedrandom 1180ms (cache revalidated)
npm http fetch GET 200 https://registry.npmjs.org/debug 1186ms (cache revalidated)
npm http fetch GET 200 https://registry.npmjs.org/split 1184ms (cache revalidated)
npm http fetch GET 200 https://registry.npmjs.org/glob 1190ms (cache revalidated)
npm http fetch GET 200 https://registry.npmjs.org/common-ancestor-path 1198ms (cache revalidated)
npm http fetch GET 200 https://registry.npmjs.org/mocha 1191ms (cache revalidated)
npm http fetch GET 200 https://registry.npmjs.org/error-stack-parser 1200ms (cache revalidated)
npm http fetch GET 200 https://registry.npmjs.org/@babel%2fplugin-proposal-class-properties 1188ms (cache revalidated)
npm http fetch GET 200 https://registry.npmjs.org/fs-extra 1177ms (cache revalidated)
npm http fetch GET 200 https://registry.npmjs.org/through2 1173ms (cache revalidated)
npm http fetch GET 200 https://registry.npmjs.org/@babel%2fcore 1193ms (cache revalidated)
npm http fetch GET 200 https://registry.npmjs.org/fs-extra 1174ms (cache revalidated)
npm http fetch GET 200 https://registry.npmjs.org/chalk 1176ms (cache revalidated)
npm http fetch GET 200 https://registry.npmjs.org/@babel%2fruntime 1193ms (cache revalidated)
npm http fetch GET 200 https://registry.npmjs.org/debug 1189ms (cache revalidated)
npm http fetch GET 200 https://registry.npmjs.org/@babel%2fplugin-transform-runtime 1199ms (cache revalidated)
npm http fetch GET 200 https://registry.npmjs.org/cosmiconfig 1219ms (cache revalidated)
npm http fetch GET 200 https://registry.npmjs.org/execa 1164ms (cache revalidated)
npm http fetch GET 200 https://registry.npmjs.org/bluebird 1199ms (cache revalidated)
npm http fetch GET 200 https://registry.npmjs.org/mocha 1183ms (cache revalidated)
npm http fetch GET 200 https://registry.npmjs.org/figures 1165ms (cache revalidated)
npm http fetch GET 200 https://registry.npmjs.org/@babel%2fpreset-env 1211ms (cache revalidated)
npm http fetch GET 200 https://registry.npmjs.org/listr2 1177ms (cache revalidated)
npm http fetch GET 200 https://registry.npmjs.org/esbuild 1242ms (cache revalidated)
npm http fetch GET 200 https://registry.npmjs.org/@babel%2fpreset-react 1233ms (cache revalidated)
npm http fetch GET 200 https://registry.npmjs.org/cli-progress 1217ms (cache revalidated)
npm http fetch GET 200 https://registry.npmjs.org/request 1212ms (cache revalidated)
npm http fetch GET 200 https://registry.npmjs.org/async 1223ms (cache revalidated)
npm http fetch GET 200 https://registry.npmjs.org/git-repo-info 1222ms (cache revalidated)
npm http fetch GET 200 https://registry.npmjs.org/git-last-commit 1222ms (cache revalidated)
npm http fetch GET 200 https://registry.npmjs.org/glob 1221ms (cache revalidated)
npm http fetch GET 200 https://registry.npmjs.org/@cucumber%2fcucumber 1278ms (cache revalidated)
npm http fetch GET 200 https://registry.npmjs.org/lodash.clonedeep 1249ms (cache revalidated)
npm http fetch GET 200 https://registry.npmjs.org/chalk 1224ms (cache revalidated)
npm http fetch GET 200 https://registry.npmjs.org/@cucumber%2ftag-expressions 1283ms (cache revalidated)
npm http fetch GET 200 https://registry.npmjs.org/babel-plugin-add-module-exports 1259ms (cache revalidated)
npm http fetch GET 200 https://registry.npmjs.org/winston 1233ms (cache revalidated)
npm http fetch GET 200 https://registry.npmjs.org/browserstack-local 1247ms (cache revalidated)
npm http fetch GET 200 https://registry.npmjs.org/uuid 1275ms (cache revalidated)
npm http fetch GET 200 https://registry.npmjs.org/debug 1231ms (cache revalidated)
npm http fetch GET 200 https://registry.npmjs.org/browserify 1271ms (cache revalidated)
npm http fetch GET 200 https://registry.npmjs.org/minimist 1234ms (cache revalidated)
npm http fetch GET 200 https://registry.npmjs.org/uuid 1259ms (cache revalidated)
npm http fetch GET 200 https://registry.npmjs.org/requestretry 1262ms (cache revalidated)
npm http fetch GET 200 https://registry.npmjs.org/tmp 1255ms (cache revalidated)
npm http fetch GET 200 https://registry.npmjs.org/mkdirp 1265ms (cache revalidated)
npm http fetch GET 200 https://registry.npmjs.org/@babel%2fplugin-proposal-object-rest-spread 1293ms (cache revalidated)
npm http fetch GET 200 https://registry.npmjs.org/node-ipc 1267ms (cache revalidated)
npm http fetch GET 200 https://registry.npmjs.org/getmac 1274ms (cache revalidated)
npm http fetch GET 200 https://registry.npmjs.org/yauzl 1255ms (cache revalidated)
npm http fetch GET 200 https://registry.npmjs.org/watchify 1282ms (cache revalidated)
npm http fetch GET 200 https://registry.npmjs.org/buffer 1257ms (cache revalidated)
npm http fetch GET 200 https://registry.npmjs.org/dayjs 1263ms (cache revalidated)
npm http fetch GET 200 https://registry.npmjs.org/arch 1267ms (cache revalidated)
npm http fetch GET 200 https://registry.npmjs.org/table 1277ms (cache revalidated)
npm http fetch GET 200 https://registry.npmjs.org/semver 1264ms (cache revalidated)
npm http fetch GET 200 https://registry.npmjs.org/getos 1271ms (cache revalidated)
npm http fetch GET 200 https://registry.npmjs.org/decompress 1278ms (cache revalidated)
npm http fetch GET 200 https://registry.npmjs.org/cachedir 1261ms (cache revalidated)
npm http fetch GET 200 https://registry.npmjs.org/cli-table3 1255ms (cache revalidated)
npm http fetch GET 200 https://registry.npmjs.org/is-ci 1273ms (cache revalidated)
npm http fetch GET 200 https://registry.npmjs.org/common-tags 1254ms (cache revalidated)
npm http fetch GET 200 https://registry.npmjs.org/update-notifier 1285ms (cache revalidated)
npm http fetch GET 200 https://registry.npmjs.org/fs-extra 1263ms (cache revalidated)
npm http fetch GET 200 https://registry.npmjs.org/lodash 1274ms (cache revalidated)
npm http fetch GET 200 https://registry.npmjs.org/enquirer 1267ms (cache revalidated)
npm http fetch GET 200 https://registry.npmjs.org/coffeescript 1312ms (cache revalidated)
npm http fetch GET 200 https://registry.npmjs.org/executable 1263ms (cache revalidated)
npm http fetch GET 200 https://registry.npmjs.org/supports-color 1256ms (cache revalidated)
npm http fetch GET 200 https://registry.npmjs.org/pretty-bytes 1262ms (cache revalidated)
npm http fetch GET 200 https://registry.npmjs.org/commander 1269ms (cache revalidated)
npm http fetch GET 200 https://registry.npmjs.org/process 1280ms (cache revalidated)
npm http fetch GET 200 https://registry.npmjs.org/untildify 1271ms (cache revalidated)
npm http fetch GET 200 https://registry.npmjs.org/log-symbols 1267ms (cache revalidated)
npm http fetch GET 200 https://registry.npmjs.org/ospath 1284ms (cache revalidated)
npm http fetch GET 200 https://registry.npmjs.org/blob-util 1274ms (cache revalidated)
npm http fetch GET 200 https://registry.npmjs.org/extract-zip 1270ms (cache revalidated)
npm http fetch GET 200 https://registry.npmjs.org/fs-extra 1252ms (cache revalidated)
npm http fetch GET 200 https://registry.npmjs.org/cli-cursor 1275ms (cache revalidated)
npm http fetch GET 200 https://registry.npmjs.org/request-progress 1264ms (cache revalidated)
npm http fetch GET 200 https://registry.npmjs.org/jsonfile 1254ms (cache revalidated)
npm http fetch GET 200 https://registry.npmjs.org/@types%2fsizzle 1271ms (cache revalidated)
npm http fetch GET 200 https://registry.npmjs.org/proxy-from-env 1269ms (cache revalidated)
npm http fetch GET 200 https://registry.npmjs.org/eventemitter2 1271ms (cache revalidated)
npm http fetch GET 200 https://registry.npmjs.org/check-more-types 1269ms (cache revalidated)
npm http fetch GET 200 https://registry.npmjs.org/is-installed-globally 1268ms (cache revalidated)
npm http fetch GET 200 https://registry.npmjs.org/luxon 1258ms (cache revalidated)
npm http fetch GET 200 https://registry.npmjs.org/find 1262ms (cache revalidated)
npm http fetch GET 200 https://registry.npmjs.org/open 1261ms (cache revalidated)
npm http fetch GET 200 https://registry.npmjs.org/lazy-ass 1289ms (cache revalidated)
npm http fetch GET 200 https://registry.npmjs.org/@types%2fsinonjs__fake-timers 1270ms (cache revalidated)
npm http fetch GET 200 https://registry.npmjs.org/@cypress%2frequest 1279ms (cache revalidated)
npm http fetch GET 200 https://registry.npmjs.org/@cypress%2fxvfb 1284ms (cache revalidated)
npm http fetch GET 200 https://registry.npmjs.org/yargs 1316ms (cache revalidated)
npm http fetch GET 200 https://registry.npmjs.org/coffeeify 1429ms (cache revalidated)
npm http fetch GET 200 https://registry.npmjs.org/archiver 1426ms (cache revalidated)
npm http fetch GET 200 https://registry.npmjs.org/@cucumber%2fci-environment 1513ms (cache revalidated)
npm http fetch GET 200 https://registry.npmjs.org/windows-release 1462ms (cache revalidated)
npm http fetch GET 200 https://registry.npmjs.org/babelify 1503ms (cache revalidated)
npm http fetch GET 200 https://registry.npmjs.org/gitconfiglocal 1512ms (cache revalidated)
npm http fetch GET 200 https://registry.npmjs.org/mailslurp-client 1538ms (cache revalidated)
npm http fetch GET 200 https://registry.npmjs.org/@cucumber%2fmessage-streams 1952ms (cache revalidated)
npm http fetch GET 200 https://registry.npmjs.org/@cucumber%2fhtml-formatter 1973ms (cache revalidated)
npm http fetch GET 200 https://registry.npmjs.org/@badeball%2fcypress-configuration 1981ms (cache revalidated)
npm http fetch GET 200 https://registry.npmjs.org/@cucumber%2fpretty-formatter 2022ms (cache revalidated)
npm http fetch GET 200 https://registry.npmjs.org/@cucumber%2fgherkin 2048ms (cache revalidated)
npm http fetch GET 200 https://registry.npmjs.org/@cucumber%2fcucumber-expressions 2086ms (cache revalidated)
npm http fetch GET 200 https://registry.npmjs.org/@cucumber%2fmessages 2086ms (cache revalidated)
npm http fetch GET 200 https://registry.npmjs.org/lodash.merge 306ms (cache revalidated)
npm http fetch GET 200 https://registry.npmjs.org/indent-string 309ms (cache revalidated)
npm http fetch GET 200 https://registry.npmjs.org/lodash.mergewith 307ms (cache revalidated)
npm http fetch GET 200 https://registry.npmjs.org/has-ansi 310ms (cache revalidated)
npm http fetch GET 200 https://registry.npmjs.org/is-stream 310ms (cache revalidated)
npm http fetch GET 200 https://registry.npmjs.org/minimatch 327ms (cache revalidated)
npm http fetch GET 200 https://registry.npmjs.org/knuth-shuffle-seeded 314ms (cache revalidated)
npm http fetch GET 200 https://registry.npmjs.org/mz 312ms (cache revalidated)
npm http fetch GET 200 https://registry.npmjs.org/@babel%2fparser 337ms (cache revalidated)
npm http fetch GET 200 https://registry.npmjs.org/capital-case 326ms (cache revalidated)
npm http fetch GET 200 https://registry.npmjs.org/assertion-error-formatter 330ms (cache revalidated)
npm http fetch GET 200 https://registry.npmjs.org/resolve-pkg 326ms (cache revalidated)
npm http fetch GET 200 https://registry.npmjs.org/mime 331ms (cache revalidated)
npm http fetch GET 200 https://registry.npmjs.org/progress 337ms (cache revalidated)
npm http fetch GET 200 https://registry.npmjs.org/strip-ansi 334ms (cache revalidated)
npm http fetch GET 200 https://registry.npmjs.org/xmlbuilder 335ms (cache revalidated)
npm http fetch GET 200 https://registry.npmjs.org/yaml 336ms (cache revalidated)
npm http fetch GET 200 https://registry.npmjs.org/string-argv 341ms (cache revalidated)
npm http fetch GET 200 https://registry.npmjs.org/read-pkg-up 348ms (cache revalidated)
npm http fetch GET 200 https://registry.npmjs.org/util-arity 348ms (cache revalidated)
npm http fetch GET 200 https://registry.npmjs.org/@cucumber%2fgherkin-utils 364ms (cache revalidated)
npm http fetch GET 200 https://registry.npmjs.org/reflect-metadata 351ms (cache revalidated)
npm http fetch GET 200 https://registry.npmjs.org/import-fresh 347ms (cache revalidated)
npm http fetch GET 200 https://registry.npmjs.org/ansi-styles 353ms (cache revalidated)
npm http fetch GET 200 https://registry.npmjs.org/ansi-styles 360ms (cache revalidated)
npm http fetch GET 200 https://registry.npmjs.org/env-paths 374ms (cache revalidated)
npm http fetch GET 200 https://registry.npmjs.org/parse-json 369ms (cache revalidated)
npm http fetch GET 200 https://registry.npmjs.org/class-transformer 385ms (cache revalidated)
npm http fetch GET 200 https://registry.npmjs.org/yup 395ms (cache revalidated)
npm http fetch GET 200 https://registry.npmjs.org/colors 381ms (cache revalidated)
npm http fetch GET 200 https://registry.npmjs.org/ts-dedent 390ms (cache revalidated)
npm http fetch GET 200 https://registry.npmjs.org/type-fest 405ms (cache revalidated)
npm http fetch GET 200 https://registry.npmjs.org/js-yaml 388ms (cache revalidated)
npm http fetch GET 200 https://registry.npmjs.org/@types%2fuuid 404ms (cache revalidated)
npm http fetch GET 200 https://registry.npmjs.org/stackframe 392ms (cache revalidated)
npm http fetch GET 200 https://registry.npmjs.org/@esbuild%2fandroid-arm64 389ms (cache revalidated)
npm http fetch GET 200 https://registry.npmjs.org/@esbuild%2fdarwin-x64 393ms (cache revalidated)
npm http fetch GET 200 https://registry.npmjs.org/ms 400ms (cache revalidated)
npm http fetch GET 200 https://registry.npmjs.org/@esbuild%2faix-ppc64 407ms (cache revalidated)
npm http fetch GET 200 https://registry.npmjs.org/@esbuild%2flinux-arm64 410ms (cache revalidated)
npm http fetch GET 200 https://registry.npmjs.org/@esbuild%2fdarwin-arm64 415ms (cache revalidated)
npm http fetch GET 200 https://registry.npmjs.org/@esbuild%2fandroid-arm 421ms (cache revalidated)
npm http fetch GET 200 https://registry.npmjs.org/@esbuild%2ffreebsd-x64 426ms (cache revalidated)
npm http fetch GET 200 https://registry.npmjs.org/@esbuild%2flinux-loong64 438ms (cache revalidated)
npm http fetch GET 200 https://registry.npmjs.org/@esbuild%2flinux-x64 440ms (cache revalidated)
npm http fetch GET 200 https://registry.npmjs.org/@esbuild%2flinux-arm 446ms (cache revalidated)
npm http fetch GET 200 https://registry.npmjs.org/@esbuild%2flinux-ia32 451ms (cache revalidated)
npm http fetch GET 200 https://registry.npmjs.org/@esbuild%2flinux-mips64el 450ms (cache revalidated)
npm http fetch GET 200 https://registry.npmjs.org/@esbuild%2flinux-ppc64 459ms (cache revalidated)
npm http fetch GET 200 https://registry.npmjs.org/@esbuild%2fnetbsd-x64 458ms (cache revalidated)
npm http fetch GET 200 https://registry.npmjs.org/@esbuild%2flinux-s390x 466ms (cache revalidated)
npm http fetch GET 200 https://registry.npmjs.org/minipass 479ms (cache revalidated)
npm http fetch GET 200 https://registry.npmjs.org/@esbuild%2fopenbsd-arm64 492ms (cache revalidated)
npm http fetch GET 200 https://registry.npmjs.org/@esbuild%2fsunos-x64 499ms (cache revalidated)
npm http fetch GET 200 https://registry.npmjs.org/minimatch 491ms (cache revalidated)
npm http fetch GET 200 https://registry.npmjs.org/@esbuild%2fandroid-x64 518ms (cache revalidated)
npm http fetch GET 200 https://registry.npmjs.org/@esbuild%2fopenbsd-x64 511ms (cache revalidated)
npm http fetch GET 200 https://registry.npmjs.org/@esbuild%2fwin32-arm64 511ms (cache revalidated)
npm http fetch GET 200 https://registry.npmjs.org/@esbuild%2flinux-riscv64 516ms (cache revalidated)
npm http fetch GET 200 https://registry.npmjs.org/@esbuild%2fwin32-ia32 514ms (cache revalidated)
npm http fetch GET 200 https://registry.npmjs.org/@esbuild%2fwin32-x64 515ms (cache revalidated)
npm http fetch GET 200 https://registry.npmjs.org/package-json-from-dist 526ms (cache revalidated)
npm http fetch GET 200 https://registry.npmjs.org/foreground-child 528ms (cache revalidated)
npm http fetch GET 200 https://registry.npmjs.org/jackspeak 535ms (cache revalidated)
npm http fetch GET 200 https://registry.npmjs.org/path-scurry 530ms (cache revalidated)
npm http fetch GET 200 https://registry.npmjs.org/@esbuild%2ffreebsd-arm64 550ms (cache revalidated)
npm http fetch GET 200 https://registry.npmjs.org/chokidar 538ms (cache revalidated)
npm http fetch GET 200 https://registry.npmjs.org/minimatch 537ms (cache revalidated)
npm http fetch GET 200 https://registry.npmjs.org/he 540ms (cache revalidated)
npm http fetch GET 200 https://registry.npmjs.org/diff 544ms (cache revalidated)
npm http fetch GET 200 https://registry.npmjs.org/escape-string-regexp 545ms (cache revalidated)
npm http fetch GET 200 https://registry.npmjs.org/find-up 551ms (cache revalidated)
npm http fetch GET 200 https://registry.npmjs.org/serialize-javascript 555ms (cache revalidated)
npm http fetch GET 200 https://registry.npmjs.org/browser-stdout 566ms (cache revalidated)
npm http fetch GET 200 https://registry.npmjs.org/ansi-colors 568ms (cache revalidated)
npm http fetch GET 200 https://registry.npmjs.org/ms 565ms (cache revalidated)
npm http fetch GET 200 https://registry.npmjs.org/workerpool 564ms (cache revalidated)
npm http fetch GET 200 https://registry.npmjs.org/yargs-unparser 565ms (cache revalidated)
npm http fetch GET 200 https://registry.npmjs.org/through 566ms (cache revalidated)
npm http fetch GET 200 https://registry.npmjs.org/yargs-parser 575ms (cache revalidated)
npm http fetch GET 200 https://registry.npmjs.org/strip-json-comments 592ms (cache revalidated)
npm http fetch GET 200 https://registry.npmjs.org/node-hook 892ms (cache revalidated)
npm http fetch GET 200 https://registry.npmjs.org/regexp-match-indices 871ms (cache revalidated)
npm http fetch GET 200 https://registry.npmjs.org/@cucumber%2fgherkin-streams 1500ms (cache revalidated)
npm http fetch GET 200 https://registry.npmjs.org/inflight 74ms (cache revalidated)
npm http fetch GET 200 https://registry.npmjs.org/fs.realpath 80ms (cache revalidated)
npm http fetch GET 200 https://registry.npmjs.org/brace-expansion 78ms (cache revalidated)
npm http fetch GET 200 https://registry.npmjs.org/once 90ms (cache revalidated)
npm http fetch GET 200 https://registry.npmjs.org/inherits 87ms (cache revalidated)
npm http fetch GET 200 https://registry.npmjs.org/path-is-absolute 96ms (cache revalidated)
npm http fetch GET 200 https://registry.npmjs.org/@babel%2ftypes 119ms (cache revalidated)
npm http fetch GET 200 https://registry.npmjs.org/to-fast-properties 53ms (cache revalidated)
npm http fetch GET 200 https://registry.npmjs.org/@babel%2fhelper-string-parser 71ms (cache revalidated)
npm http fetch GET 200 https://registry.npmjs.org/@babel%2fhelper-validator-identifier 75ms (cache revalidated)
npm http fetch GET 200 https://registry.npmjs.org/source-map-support 146ms (cache revalidated)
npm http fetch GET 200 https://registry.npmjs.org/repeat-string 148ms (cache revalidated)
npm http fetch GET 200 https://registry.npmjs.org/ansi-regex 158ms (cache revalidated)
npm http fetch GET 200 https://registry.npmjs.org/resolve-from 145ms (cache revalidated)
npm http fetch GET 200 https://registry.npmjs.org/tslib 169ms (cache revalidated)
npm http fetch GET 200 https://registry.npmjs.org/string-width 167ms (cache revalidated)
npm http fetch GET 200 https://registry.npmjs.org/source-map-support 176ms (cache revalidated)
npm http fetch GET 200 https://registry.npmjs.org/no-case 175ms (cache revalidated)
npm http fetch GET 200 https://registry.npmjs.org/seed-random 162ms (cache revalidated)
npm http fetch GET 200 https://registry.npmjs.org/global-dirs 165ms (cache revalidated)
npm http fetch GET 200 https://registry.npmjs.org/@colors%2fcolors 175ms (cache revalidated)
npm http fetch GET 200 https://registry.npmjs.org/pad-right 182ms (cache revalidated)
npm http fetch GET 200 https://registry.npmjs.org/object-assign 177ms (cache revalidated)
npm http fetch GET 200 https://registry.npmjs.org/upper-case-first 199ms (cache revalidated)
npm http fetch GET 200 https://registry.npmjs.org/lru-cache 172ms (cache revalidated)
npm http fetch GET 200 https://registry.npmjs.org/any-promise 190ms (cache revalidated)
npm http fetch GET 200 https://registry.npmjs.org/has-flag 185ms (cache revalidated)
npm http fetch GET 200 https://registry.npmjs.org/read-pkg 198ms (cache revalidated)
npm http fetch GET 200 https://registry.npmjs.org/ansi-regex 190ms (cache revalidated)
npm http fetch GET 200 https://registry.npmjs.org/property-expr 193ms (cache revalidated)
npm http fetch GET 200 https://registry.npmjs.org/thenify-all 219ms (cache revalidated)
npm http fetch GET 200 https://registry.npmjs.org/toposort 202ms (cache revalidated)
npm http fetch GET 200 https://registry.npmjs.org/tiny-case 692ms (cache revalidated)
npm http fetch GET 200 https://registry.npmjs.org/@teppeis%2fmultimaps 1262ms (cache revalidated)
npm http fetch GET 200 https://registry.npmjs.org/regexp-tree 67ms (cache revalidated)
npm http fetch GET 200 https://registry.npmjs.org/buffer-from 65ms (cache revalidated)
npm http fetch GET 200 https://registry.npmjs.org/json5 513ms (cache revalidated)
npm http fetch GET 200 https://registry.npmjs.org/convert-source-map 516ms (cache revalidated)
npm http fetch GET 200 https://registry.npmjs.org/gensync 516ms (cache revalidated)
npm http fetch GET 200 https://registry.npmjs.org/@babel%2fhelper-module-transforms 522ms (cache revalidated)
npm http fetch GET 200 https://registry.npmjs.org/@babel%2fgenerator 526ms (cache revalidated)
npm http fetch GET 200 https://registry.npmjs.org/@babel%2fhelpers 528ms (cache revalidated)
npm http fetch GET 200 https://registry.npmjs.org/@babel%2fhelper-plugin-utils 525ms (cache revalidated)
npm http fetch GET 200 https://registry.npmjs.org/@babel%2ftemplate 532ms (cache revalidated)
npm http fetch GET 200 https://registry.npmjs.org/@babel%2fcode-frame 538ms (cache revalidated)
npm http fetch GET 200 https://registry.npmjs.org/@babel%2ftraverse 536ms (cache revalidated)
npm http fetch GET 200 https://registry.npmjs.org/@babel%2fcompat-data 533ms (cache revalidated)
npm http fetch GET 200 https://registry.npmjs.org/@babel%2fhelper-create-class-features-plugin 537ms (cache revalidated)
npm http fetch GET 200 https://registry.npmjs.org/@babel%2fplugin-transform-parameters 536ms (cache revalidated)
npm http fetch GET 200 https://registry.npmjs.org/@babel%2fhelper-compilation-targets 551ms (cache revalidated)
npm http fetch GET 200 https://registry.npmjs.org/@ampproject%2fremapping 585ms (cache revalidated)
npm http fetch GET 200 https://registry.npmjs.org/@babel%2fhelper-plugin-utils 570ms (cache revalidated)
npm http fetch GET 200 https://registry.npmjs.org/@babel%2fhelper-plugin-utils 575ms (cache revalidated)
npm http fetch GET 200 https://registry.npmjs.org/babel-plugin-polyfill-corejs2 572ms (cache revalidated)
npm http fetch GET 200 https://registry.npmjs.org/@babel%2fplugin-bugfix-firefox-class-in-computed-class-key 565ms (cache revalidated)
npm http fetch GET 200 https://registry.npmjs.org/@babel%2fplugin-syntax-object-rest-spread 579ms (cache revalidated)
npm http fetch GET 200 https://registry.npmjs.org/@babel%2fhelper-module-imports 578ms (cache revalidated)
npm http fetch GET 200 https://registry.npmjs.org/babel-plugin-polyfill-corejs3 579ms (cache revalidated)
npm http fetch GET 200 https://registry.npmjs.org/@babel%2fhelper-compilation-targets 586ms (cache revalidated)
npm http fetch GET 200 https://registry.npmjs.org/@babel%2fplugin-bugfix-safari-class-field-initializer-scope 578ms (cache revalidated)
npm http fetch GET 200 https://registry.npmjs.org/@babel%2fhelper-plugin-utils 585ms (cache revalidated)
npm http fetch GET 200 https://registry.npmjs.org/babel-plugin-polyfill-regenerator 588ms (cache revalidated)
npm http fetch GET 200 https://registry.npmjs.org/@babel%2fplugin-syntax-async-generators 578ms (cache revalidated)
npm http fetch GET 200 https://registry.npmjs.org/@babel%2fcompat-data 592ms (cache revalidated)
npm http fetch GET 200 https://registry.npmjs.org/@babel%2fplugin-syntax-class-static-block 600ms (cache revalidated)
npm http fetch GET 200 https://registry.npmjs.org/@babel%2fplugin-syntax-class-properties 601ms (cache revalidated)
npm http fetch GET 200 https://registry.npmjs.org/@babel%2fplugin-bugfix-safari-id-destructuring-collision-in-function-expression 605ms (cache revalidated)
npm http fetch GET 200 https://registry.npmjs.org/@babel%2fplugin-syntax-dynamic-import 602ms (cache revalidated)
npm http fetch GET 200 https://registry.npmjs.org/@babel%2fplugin-bugfix-v8-spread-parameters-in-optional-chaining 607ms (cache revalidated)
npm http fetch GET 200 https://registry.npmjs.org/@babel%2fplugin-proposal-private-property-in-object 606ms (cache revalidated)
npm http fetch GET 200 https://registry.npmjs.org/@babel%2fplugin-syntax-export-namespace-from 607ms (cache revalidated)
npm http fetch GET 200 https://registry.npmjs.org/@babel%2fplugin-bugfix-v8-static-class-fields-redefine-readonly 616ms (cache revalidated)
npm http fetch GET 200 https://registry.npmjs.org/@babel%2fhelper-validator-option 624ms (cache revalidated)
npm http fetch GET 200 https://registry.npmjs.org/@babel%2fplugin-syntax-import-attributes 656ms (cache revalidated)
npm http fetch GET 200 https://registry.npmjs.org/@babel%2fplugin-syntax-import-assertions 660ms (cache revalidated)
npm http fetch GET 200 https://registry.npmjs.org/@babel%2fplugin-syntax-nullish-coalescing-operator 662ms (cache revalidated)
npm http fetch GET 200 https://registry.npmjs.org/@babel%2fplugin-syntax-optional-chaining 661ms (cache revalidated)
npm http fetch GET 200 https://registry.npmjs.org/@babel%2fplugin-syntax-json-strings 666ms (cache revalidated)
npm http fetch GET 200 https://registry.npmjs.org/@babel%2fplugin-syntax-logical-assignment-operators 666ms (cache revalidated)
npm http fetch GET 200 https://registry.npmjs.org/@babel%2fplugin-transform-arrow-functions 662ms (cache revalidated)
npm http fetch GET 200 https://registry.npmjs.org/@babel%2fplugin-syntax-numeric-separator 668ms (cache revalidated)
npm http fetch GET 200 https://registry.npmjs.org/@babel%2fplugin-syntax-optional-catch-binding 669ms (cache revalidated)
npm http fetch GET 200 https://registry.npmjs.org/@babel%2fplugin-syntax-top-level-await 668ms (cache revalidated)
npm http fetch GET 200 https://registry.npmjs.org/@babel%2fplugin-syntax-private-property-in-object 670ms (cache revalidated)
npm http fetch GET 200 https://registry.npmjs.org/@babel%2fplugin-transform-async-generator-functions 692ms (cache revalidated)
npm http fetch GET 200 https://registry.npmjs.org/@babel%2fplugin-transform-async-to-generator 693ms (cache revalidated)
npm http fetch GET 200 https://registry.npmjs.org/@babel%2fplugin-transform-block-scoping 694ms (cache revalidated)
npm http fetch GET 200 https://registry.npmjs.org/@babel%2fplugin-transform-classes 720ms (cache revalidated)
npm http fetch GET 200 https://registry.npmjs.org/@babel%2fplugin-transform-computed-properties 723ms (cache revalidated)
npm http fetch GET 200 https://registry.npmjs.org/@babel%2fplugin-transform-dynamic-import 722ms (cache revalidated)
npm http fetch GET 200 https://registry.npmjs.org/@babel%2fplugin-transform-block-scoped-functions 733ms (cache revalidated)
npm http fetch GET 200 https://registry.npmjs.org/@babel%2fplugin-transform-dotall-regex 725ms (cache revalidated)
npm http fetch GET 200 https://registry.npmjs.org/@babel%2fplugin-transform-destructuring 728ms (cache revalidated)
npm http fetch GET 200 https://registry.npmjs.org/@babel%2fplugin-transform-class-properties 733ms (cache revalidated)
npm http fetch GET 200 https://registry.npmjs.org/@babel%2fplugin-syntax-import-meta 750ms (cache revalidated)
npm http fetch GET 200 https://registry.npmjs.org/@babel%2fplugin-transform-exponentiation-operator 733ms (cache revalidated)
npm http fetch GET 200 https://registry.npmjs.org/@babel%2fplugin-syntax-unicode-sets-regex 749ms (cache revalidated)
npm http fetch GET 200 https://registry.npmjs.org/@babel%2fplugin-transform-json-strings 737ms (cache revalidated)
npm http fetch GET 200 https://registry.npmjs.org/@babel%2fplugin-transform-class-static-block 746ms (cache revalidated)
npm http fetch GET 200 https://registry.npmjs.org/@babel%2fplugin-transform-duplicate-keys 744ms (cache revalidated)
npm http fetch GET 200 https://registry.npmjs.org/@babel%2fplugin-transform-logical-assignment-operators 754ms (cache revalidated)
npm http fetch GET 200 https://registry.npmjs.org/@babel%2fplugin-transform-literals 756ms (cache revalidated)
npm http fetch GET 200 https://registry.npmjs.org/@babel%2fplugin-transform-member-expression-literals 757ms (cache revalidated)
npm http fetch GET 200 https://registry.npmjs.org/@babel%2fplugin-transform-modules-commonjs 756ms (cache revalidated)
npm http fetch GET 200 https://registry.npmjs.org/@babel%2fplugin-transform-duplicate-named-capturing-groups-regex 767ms (cache revalidated)
npm http fetch GET 200 https://registry.npmjs.org/@babel%2fplugin-transform-modules-systemjs 762ms (cache revalidated)
npm http fetch GET 200 https://registry.npmjs.org/@babel%2fplugin-transform-named-capturing-groups-regex 764ms (cache revalidated)
npm http fetch GET 200 https://registry.npmjs.org/@babel%2fplugin-transform-modules-amd 771ms (cache revalidated)
npm http fetch GET 200 https://registry.npmjs.org/@babel%2fplugin-transform-for-of 776ms (cache revalidated)
npm http fetch GET 200 https://registry.npmjs.org/@babel%2fplugin-transform-object-super 792ms (cache revalidated)
npm http fetch GET 200 https://registry.npmjs.org/@babel%2fplugin-transform-function-name 802ms (cache revalidated)
npm http fetch GET 200 https://registry.npmjs.org/@babel%2fplugin-transform-new-target 799ms (cache revalidated)
npm http fetch GET 200 https://registry.npmjs.org/@babel%2fplugin-transform-object-rest-spread 807ms (cache revalidated)
npm http fetch GET 200 https://registry.npmjs.org/@babel%2fplugin-transform-optional-chaining 807ms (cache revalidated)
npm http fetch GET 200 https://registry.npmjs.org/@babel%2fplugin-transform-modules-umd 813ms (cache revalidated)
npm http fetch GET 200 https://registry.npmjs.org/@babel%2fplugin-transform-property-literals 818ms (cache revalidated)
npm http fetch GET 200 https://registry.npmjs.org/@babel%2fplugin-transform-parameters 821ms (cache revalidated)
npm http fetch GET 200 https://registry.npmjs.org/@babel%2fplugin-transform-nullish-coalescing-operator 825ms (cache revalidated)
npm http fetch GET 200 https://registry.npmjs.org/@babel%2fplugin-transform-regenerator 824ms (cache revalidated)
npm http fetch GET 200 https://registry.npmjs.org/@babel%2fplugin-transform-optional-catch-binding 829ms (cache revalidated)
npm http fetch GET 200 https://registry.npmjs.org/@babel%2fplugin-transform-numeric-separator 839ms (cache revalidated)
npm http fetch GET 200 https://registry.npmjs.org/@babel%2fplugin-transform-sticky-regex 827ms (cache revalidated)
npm http fetch GET 200 https://registry.npmjs.org/@babel%2fplugin-transform-template-literals 832ms (cache revalidated)
npm http fetch GET 200 https://registry.npmjs.org/@babel%2fplugin-transform-reserved-words 841ms (cache revalidated)
npm http fetch GET 200 https://registry.npmjs.org/core-js-compat 836ms (cache revalidated)
npm http fetch GET 200 https://registry.npmjs.org/@babel%2fplugin-transform-private-property-in-object 857ms (cache revalidated)
npm http fetch GET 200 https://registry.npmjs.org/@babel%2fplugin-transform-shorthand-properties 863ms (cache revalidated)
npm http fetch GET 200 https://registry.npmjs.org/babel-plugin-polyfill-corejs3 867ms (cache revalidated)
npm http fetch GET 200 https://registry.npmjs.org/@babel%2fplugin-transform-react-jsx 865ms (cache revalidated)
npm http fetch GET 200 https://registry.npmjs.org/@babel%2fpreset-modules 871ms (cache revalidated)
npm http fetch GET 200 https://registry.npmjs.org/@babel%2fplugin-transform-unicode-property-regex 875ms (cache revalidated)
npm http fetch GET 200 https://registry.npmjs.org/@babel%2fplugin-transform-private-methods 894ms (cache revalidated)
npm http fetch GET 200 https://registry.npmjs.org/@babel%2fplugin-transform-react-display-name 885ms (cache revalidated)
npm http fetch GET 200 https://registry.npmjs.org/@babel%2fplugin-transform-spread 895ms (cache revalidated)
npm http fetch GET 200 https://registry.npmjs.org/@babel%2fplugin-transform-react-jsx-development 887ms (cache revalidated)
npm http fetch GET 200 https://registry.npmjs.org/regenerator-runtime 920ms (cache revalidated)
npm http fetch GET 200 https://registry.npmjs.org/@babel%2fplugin-transform-export-namespace-from 954ms (cache revalidated)
npm http fetch GET 200 https://registry.npmjs.org/@babel%2fplugin-transform-react-pure-annotations 923ms (cache revalidated)
npm http fetch GET 200 https://registry.npmjs.org/JSONStream 919ms (cache revalidated)
npm http fetch GET 200 https://registry.npmjs.org/@babel%2fplugin-transform-typeof-symbol 935ms (cache revalidated)
npm http fetch GET 200 https://registry.npmjs.org/@babel%2fhelper-validator-option 930ms (cache revalidated)
npm http fetch GET 200 https://registry.npmjs.org/@babel%2fplugin-transform-unicode-regex 935ms (cache revalidated)
npm http fetch GET 200 https://registry.npmjs.org/@babel%2fplugin-transform-unicode-sets-regex 946ms (cache revalidated)
npm http fetch GET 200 https://registry.npmjs.org/concat-stream 932ms (cache revalidated)
npm http fetch GET 200 https://registry.npmjs.org/@babel%2fplugin-transform-unicode-escapes 951ms (cache revalidated)
npm http fetch GET 200 https://registry.npmjs.org/browserify-zlib 935ms (cache revalidated)
npm http fetch GET 200 https://registry.npmjs.org/browser-resolve 937ms (cache revalidated)
npm http fetch GET 200 https://registry.npmjs.org/browser-pack 941ms (cache revalidated)
npm http fetch GET 200 https://registry.npmjs.org/events 936ms (cache revalidated)
npm http fetch GET 200 https://registry.npmjs.org/constants-browserify 949ms (cache revalidated)
npm http fetch GET 200 https://registry.npmjs.org/deps-sort 953ms (cache revalidated)
npm http fetch GET 200 https://registry.npmjs.org/crypto-browserify 956ms (cache revalidated)
npm http fetch GET 200 https://registry.npmjs.org/console-browserify 970ms (cache revalidated)
npm http fetch GET 200 https://registry.npmjs.org/domain-browser 964ms (cache revalidated)
npm http fetch GET 200 https://registry.npmjs.org/htmlescape 965ms (cache revalidated)
npm http fetch GET 200 https://registry.npmjs.org/mkdirp-classic 969ms (cache revalidated)
npm http fetch GET 200 https://registry.npmjs.org/defined 977ms (cache revalidated)
npm http fetch GET 200 https://registry.npmjs.org/has 975ms (cache revalidated)
npm http fetch GET 200 https://registry.npmjs.org/cached-path-relative 987ms (cache revalidated)
npm http fetch GET 200 https://registry.npmjs.org/duplexer2 980ms (cache revalidated)
npm http fetch GET 200 https://registry.npmjs.org/https-browserify 978ms (cache revalidated)
npm http fetch GET 200 https://registry.npmjs.org/insert-module-globals 978ms (cache revalidated)
npm http fetch GET 200 https://registry.npmjs.org/labeled-stream-splicer 980ms (cache revalidated)
npm http fetch GET 200 https://registry.npmjs.org/path-browserify 983ms (cache revalidated)
npm http fetch GET 200 https://registry.npmjs.org/os-browserify 991ms (cache revalidated)
npm http fetch GET 200 https://registry.npmjs.org/punycode 1014ms (cache revalidated)
npm http fetch GET 200 https://registry.npmjs.org/module-deps 1018ms (cache revalidated)
npm http fetch GET 200 https://registry.npmjs.org/shell-quote 1014ms (cache revalidated)
npm http fetch GET 200 https://registry.npmjs.org/resolve 1016ms (cache revalidated)
npm http fetch GET 200 https://registry.npmjs.org/readable-stream 1018ms (cache revalidated)
npm http fetch GET 200 https://registry.npmjs.org/syntax-error 1037ms (cache revalidated)
npm http fetch GET 200 https://registry.npmjs.org/querystring-es3 1044ms (cache revalidated)
npm http fetch GET 200 https://registry.npmjs.org/shasum 1042ms (cache revalidated)
npm http fetch GET 200 https://registry.npmjs.org/parents 1047ms (cache revalidated)
npm http fetch GET 200 https://registry.npmjs.org/read-only-stream 1045ms (cache revalidated)
npm http fetch GET 200 https://registry.npmjs.org/subarg 1040ms (cache revalidated)
npm http fetch GET 200 https://registry.npmjs.org/string_decoder 1040ms (cache revalidated)
npm http fetch GET 200 https://registry.npmjs.org/stream-http 1042ms (cache revalidated)
npm http fetch GET 200 https://registry.npmjs.org/timers-browserify 1040ms (cache revalidated)
npm http fetch GET 200 https://registry.npmjs.org/util 1041ms (cache revalidated)
npm http fetch GET 200 https://registry.npmjs.org/tty-browserify 1050ms (cache revalidated)
npm http fetch GET 200 https://registry.npmjs.org/url 1051ms (cache revalidated)
npm http fetch GET 200 https://registry.npmjs.org/stream-browserify 1057ms (cache revalidated)
npm http fetch GET 200 https://registry.npmjs.org/readable-stream 1049ms (cache revalidated)
npm http fetch GET 200 https://registry.npmjs.org/vm-browserify 1076ms (cache revalidated)
npm http fetch GET 200 https://registry.npmjs.org/convert-source-map 1070ms (cache revalidated)
npm http fetch GET 200 https://registry.npmjs.org/universalify 1067ms (cache revalidated)
npm http fetch GET 200 https://registry.npmjs.org/xtend 1065ms (cache revalidated)
npm http fetch GET 200 https://registry.npmjs.org/graceful-fs 1069ms (cache revalidated)
npm http fetch GET 200 https://registry.npmjs.org/xtend 1063ms (cache revalidated)
npm http fetch GET 200 https://registry.npmjs.org/anymatch 1067ms (cache revalidated)
npm http fetch GET 200 https://registry.npmjs.org/outpipe 1067ms (cache revalidated)
npm http fetch GET 200 https://registry.npmjs.org/at-least-node 1088ms (cache revalidated)
npm http fetch GET 200 https://registry.npmjs.org/xtend 1132ms (cache revalidated)
npm http fetch GET 200 https://registry.npmjs.org/assert 1430ms (cache revalidated)
npm http fetch GET 200 https://registry.npmjs.org/picocolors 93ms (cache revalidated)
npm http fetch GET 200 https://registry.npmjs.org/browserslist 84ms (cache revalidated)
npm http fetch GET 200 https://registry.npmjs.org/jsesc 98ms (cache revalidated)
npm http fetch GET 200 https://registry.npmjs.org/@babel%2fhighlight 103ms (cache revalidated)
npm http fetch GET 200 https://registry.npmjs.org/globals 88ms (cache revalidated)
npm http fetch GET 200 https://registry.npmjs.org/@babel%2fhelper-simple-access 96ms (cache revalidated)
npm http fetch GET 200 https://registry.npmjs.org/@jridgewell%2ftrace-mapping 108ms (cache revalidated)
npm http fetch GET 200 https://registry.npmjs.org/@jridgewell%2ftrace-mapping 118ms (cache revalidated)
npm http fetch GET 200 https://registry.npmjs.org/@jridgewell%2fgen-mapping 129ms (cache revalidated)
npm http fetch GET 200 https://registry.npmjs.org/@jridgewell%2fsourcemap-codec 80ms (cache revalidated)
npm http fetch GET 200 https://registry.npmjs.org/@jridgewell%2fset-array 81ms (cache revalidated)
npm http fetch GET 200 https://registry.npmjs.org/@jridgewell%2fsourcemap-codec 159ms (cache revalidated)
npm http fetch GET 200 https://registry.npmjs.org/@jridgewell%2fresolve-uri 172ms (cache revalidated)
npm http fetch GET 200 https://registry.npmjs.org/js-tokens 60ms (cache revalidated)
npm http fetch GET 200 https://registry.npmjs.org/yallist 64ms (cache revalidated)
npm http fetch GET 200 https://registry.npmjs.org/caniuse-lite 75ms (cache revalidated)
npm http fetch GET 200 https://registry.npmjs.org/electron-to-chromium 86ms (cache revalidated)
npm http fetch GET 200 https://registry.npmjs.org/update-browserslist-db 107ms (cache revalidated)
npm http fetch GET 200 https://registry.npmjs.org/node-releases 122ms (cache revalidated)
npm http fetch GET 200 https://registry.npmjs.org/@babel%2fhelper-optimise-call-expression 64ms (cache revalidated)
npm http fetch GET 200 https://registry.npmjs.org/@babel%2fhelper-member-expression-to-functions 71ms (cache revalidated)
npm http fetch GET 200 https://registry.npmjs.org/@babel%2fhelper-annotate-as-pure 76ms (cache revalidated)
npm http fetch GET 200 https://registry.npmjs.org/@babel%2fhelper-replace-supers 84ms (cache revalidated)
npm http fetch GET 200 https://registry.npmjs.org/@babel%2fhelper-skip-transparent-expression-wrappers 84ms (cache revalidated)
npm http fetch GET 200 https://registry.npmjs.org/@babel%2fhelper-define-polyfill-provider 65ms (cache revalidated)
npm http fetch GET 200 https://registry.npmjs.org/@babel%2fhelper-create-regexp-features-plugin 129ms (cache revalidated)
npm http fetch GET 200 https://registry.npmjs.org/regenerator-transform 97ms (cache revalidated)
npm http fetch GET 200 https://registry.npmjs.org/@babel%2fhelper-create-regexp-features-plugin 125ms (cache revalidated)
npm http fetch GET 200 https://registry.npmjs.org/@babel%2fhelper-remap-async-to-generator 151ms (cache revalidated)
npm http fetch GET 200 https://registry.npmjs.org/esutils 105ms (cache revalidated)
npm http fetch GET 200 https://registry.npmjs.org/@babel%2fhelper-remap-async-to-generator 160ms (cache revalidated)
npm http fetch GET 200 https://registry.npmjs.org/@babel%2fhelper-builder-binary-assignment-operator-visitor 144ms (cache revalidated)
npm http fetch GET 200 https://registry.npmjs.org/@babel%2fhelper-create-regexp-features-plugin 154ms (cache revalidated)
npm http fetch GET 200 https://registry.npmjs.org/regexpu-core 59ms (cache revalidated)
npm http fetch GET 200 https://registry.npmjs.org/regenerate-unicode-properties 59ms (cache revalidated)
npm http fetch GET 200 https://registry.npmjs.org/unicode-match-property-ecmascript 64ms (cache revalidated)
npm http fetch GET 200 https://registry.npmjs.org/unicode-match-property-value-ecmascript 64ms (cache revalidated)
npm http fetch GET 200 https://registry.npmjs.org/regjsparser 67ms (cache revalidated)
npm http fetch GET 200 https://registry.npmjs.org/regenerate 77ms (cache revalidated)
npm http fetch GET 200 https://registry.npmjs.org/@babel%2fregjsgen 76ms (cache revalidated)
npm http fetch GET 200 https://registry.npmjs.org/@babel%2fhelper-wrap-function 56ms (cache revalidated)
npm http fetch GET 200 https://registry.npmjs.org/@babel%2fplugin-syntax-jsx 62ms (cache revalidated)
npm http fetch GET 200 https://registry.npmjs.org/lodash.debounce 56ms (cache revalidated)
npm http fetch GET 200 https://registry.npmjs.org/path-parse 60ms (cache revalidated)
npm http fetch GET 200 https://registry.npmjs.org/is-core-module 64ms (cache revalidated)
npm http fetch GET 200 https://registry.npmjs.org/supports-preserve-symlinks-flag 61ms (cache revalidated)
npm http fetch GET 200 https://registry.npmjs.org/typedarray 170ms (cache revalidated)
npm http fetch GET 200 https://registry.npmjs.org/safe-buffer 179ms (cache revalidated)
npm http fetch GET 200 https://registry.npmjs.org/randombytes 173ms (cache revalidated)
npm http fetch GET 200 https://registry.npmjs.org/umd 188ms (cache revalidated)
npm http fetch GET 200 https://registry.npmjs.org/pako 186ms (cache revalidated)
npm http fetch GET 200 https://registry.npmjs.org/create-hash 185ms (cache revalidated)
npm http fetch GET 200 https://registry.npmjs.org/browserify-cipher 187ms (cache revalidated)
npm http fetch GET 200 https://registry.npmjs.org/combine-source-map 200ms (cache revalidated)
npm http fetch GET 200 https://registry.npmjs.org/browserify-sign 190ms (cache revalidated)
npm http fetch GET 200 https://registry.npmjs.org/object.assign 206ms (cache revalidated)
npm http fetch GET 200 https://registry.npmjs.org/create-hmac 197ms (cache revalidated)
npm http fetch GET 200 https://registry.npmjs.org/randomfill 194ms (cache revalidated)
npm http fetch GET 200 https://registry.npmjs.org/diffie-hellman 197ms (cache revalidated)
npm http fetch GET 200 https://registry.npmjs.org/create-ecdh 200ms (cache revalidated)
npm http fetch GET 200 https://registry.npmjs.org/combine-source-map 184ms (cache revalidated)
npm http fetch GET 200 https://registry.npmjs.org/ieee754 219ms (cache revalidated)
npm http fetch GET 200 https://registry.npmjs.org/public-encrypt 222ms (cache revalidated)
npm http fetch GET 200 https://registry.npmjs.org/pbkdf2 224ms (cache revalidated)
npm http fetch GET 200 https://registry.npmjs.org/is-buffer 210ms (cache revalidated)
npm http fetch GET 200 https://registry.npmjs.org/core-util-is 207ms (cache revalidated)
npm http fetch GET 200 https://registry.npmjs.org/process-nextick-args 208ms (cache revalidated)
npm http fetch GET 200 https://registry.npmjs.org/isarray 212ms (cache revalidated)
npm http fetch GET 200 https://registry.npmjs.org/jsonparse 230ms (cache revalidated)
npm http fetch GET 200 https://registry.npmjs.org/acorn-node 235ms (cache revalidated)
npm http fetch GET 200 https://registry.npmjs.org/json-stable-stringify 219ms (cache revalidated)
npm http fetch GET 200 https://registry.npmjs.org/path-platform 233ms (cache revalidated)
npm http fetch GET 200 https://registry.npmjs.org/shasum-object 255ms (cache revalidated)
npm http fetch GET 200 https://registry.npmjs.org/util-deprecate 228ms (cache revalidated)
npm http fetch GET 200 https://registry.npmjs.org/detective 241ms (cache revalidated)
npm http fetch GET 200 https://registry.npmjs.org/sha.js 228ms (cache revalidated)
npm http fetch GET 200 https://registry.npmjs.org/stream-splicer 247ms (cache revalidated)
npm http fetch GET 200 https://registry.npmjs.org/undeclared-identifiers 252ms (cache revalidated)
npm http fetch GET 200 https://registry.npmjs.org/safe-buffer 240ms (cache revalidated)
npm http fetch GET 200 https://registry.npmjs.org/stream-combiner2 252ms (cache revalidated)
npm http fetch GET 200 https://registry.npmjs.org/qs 231ms (cache revalidated)
npm http fetch GET 200 https://registry.npmjs.org/safe-buffer 243ms (cache revalidated)
npm http fetch GET 200 https://registry.npmjs.org/acorn-node 258ms (cache revalidated)
npm http fetch GET 200 https://registry.npmjs.org/builtin-status-codes 727ms (cache revalidated)
npm http fetch GET 200 https://registry.npmjs.org/object-keys 55ms (cache revalidated)
npm http fetch GET 200 https://registry.npmjs.org/has-symbols 61ms (cache revalidated)
npm http fetch GET 200 https://registry.npmjs.org/define-properties 70ms (cache revalidated)
npm http fetch GET 200 https://registry.npmjs.org/call-bind 85ms (cache revalidated)
npm http fetch GET 200 https://registry.npmjs.org/lodash.memoize 74ms (cache revalidated)
npm http fetch GET 200 https://registry.npmjs.org/inline-source-map 85ms (cache revalidated)
npm http fetch GET 200 https://registry.npmjs.org/escalade 53ms (cache revalidated)
npm http fetch GET 200 https://registry.npmjs.org/buffer-crc32 216ms (cache revalidated)
npm http fetch GET 200 https://registry.npmjs.org/agent-base 214ms (cache revalidated)
npm http fetch GET 200 https://registry.npmjs.org/https-proxy-agent 220ms (cache revalidated)
npm http fetch GET 200 https://registry.npmjs.org/pify 217ms (cache revalidated)
npm http fetch GET 200 https://registry.npmjs.org/make-dir 220ms (cache revalidated)
npm http fetch GET 200 https://registry.npmjs.org/readdir-glob 234ms (cache revalidated)
npm http fetch GET 200 https://registry.npmjs.org/tar-stream 234ms (cache revalidated)
npm http fetch GET 200 https://registry.npmjs.org/zip-stream 236ms (cache revalidated)
npm http fetch GET 200 https://registry.npmjs.org/decompress-tar 229ms (cache revalidated)
npm http fetch GET 200 https://registry.npmjs.org/decompress-tarbz2 231ms (cache revalidated)
npm http fetch GET 200 https://registry.npmjs.org/decompress-unzip 230ms (cache revalidated)
npm http fetch GET 200 https://registry.npmjs.org/archiver-utils 248ms (cache revalidated)
npm http fetch GET 200 https://registry.npmjs.org/ps-tree 251ms (cache revalidated)
npm http fetch GET 200 https://registry.npmjs.org/is-running 253ms (cache revalidated)
npm http fetch GET 200 https://registry.npmjs.org/strip-dirs 255ms (cache revalidated)
npm http fetch GET 200 https://registry.npmjs.org/js-message 253ms (cache revalidated)
npm http fetch GET 200 https://registry.npmjs.org/@types%2fnode 266ms (cache revalidated)
npm http fetch GET 200 https://registry.npmjs.org/extend 272ms (cache revalidated)
npm http fetch GET 200 https://registry.npmjs.org/caseless 280ms (cache revalidated)
npm http fetch GET 200 https://registry.npmjs.org/form-data 280ms (cache revalidated)
npm http fetch GET 200 https://registry.npmjs.org/js-queue 289ms (cache revalidated)
npm http fetch GET 200 https://registry.npmjs.org/aws4 288ms (cache revalidated)
npm http fetch GET 200 https://registry.npmjs.org/ini 298ms (cache revalidated)
npm http fetch GET 200 https://registry.npmjs.org/event-pubsub 294ms (cache revalidated)
npm http fetch GET 200 https://registry.npmjs.org/decompress-targz 309ms (cache revalidated)
npm http fetch GET 200 https://registry.npmjs.org/temp-fs 315ms (cache revalidated)
npm http fetch GET 200 https://registry.npmjs.org/mime-types 298ms (cache revalidated)
npm http fetch GET 200 https://registry.npmjs.org/tough-cookie 299ms (cache revalidated)
npm http fetch GET 200 https://registry.npmjs.org/forever-agent 299ms (cache revalidated)
npm http fetch GET 200 https://registry.npmjs.org/oauth-sign 300ms (cache revalidated)
npm http fetch GET 200 https://registry.npmjs.org/aws-sign2 307ms (cache revalidated)
npm http fetch GET 200 https://registry.npmjs.org/combined-stream 299ms (cache revalidated)
npm http fetch GET 200 https://registry.npmjs.org/http-signature 301ms (cache revalidated)
npm http fetch GET 200 https://registry.npmjs.org/har-validator 303ms (cache revalidated)
npm http fetch GET 200 https://registry.npmjs.org/is-typedarray 304ms (cache revalidated)
npm http fetch GET 200 https://registry.npmjs.org/tunnel-agent 306ms (cache revalidated)
npm http fetch GET 200 https://registry.npmjs.org/isstream 315ms (cache revalidated)
npm http fetch GET 200 https://registry.npmjs.org/json-stringify-safe 306ms (cache revalidated)
npm http fetch GET 200 https://registry.npmjs.org/slice-ansi 303ms (cache revalidated)
npm http fetch GET 200 https://registry.npmjs.org/ajv 313ms (cache revalidated)
npm http fetch GET 200 https://registry.npmjs.org/extend 327ms (cache revalidated)
npm http fetch GET 200 https://registry.npmjs.org/isstream 315ms (cache revalidated)
npm http fetch GET 200 https://registry.npmjs.org/import-lazy 323ms (cache revalidated)
npm http fetch GET 200 https://registry.npmjs.org/pupa 328ms (cache revalidated)
npm http fetch GET 200 https://registry.npmjs.org/configstore 325ms (cache revalidated)
npm http fetch GET 200 https://registry.npmjs.org/boxen 335ms (cache revalidated)
npm http fetch GET 200 https://registry.npmjs.org/xdg-basedir 332ms (cache revalidated)
npm http fetch GET 200 https://registry.npmjs.org/performance-now 344ms (cache revalidated)
npm http fetch GET 200 https://registry.npmjs.org/semver-diff 337ms (cache revalidated)
npm http fetch GET 200 https://registry.npmjs.org/is-npm 340ms (cache revalidated)
npm http fetch GET 200 https://registry.npmjs.org/latest-version 337ms (cache revalidated)
npm http fetch GET 200 https://registry.npmjs.org/eyes 335ms (cache revalidated)
npm http fetch GET 200 https://registry.npmjs.org/y18n 334ms (cache revalidated)
npm http fetch GET 200 https://registry.npmjs.org/set-blocking 331ms (cache revalidated)
npm http fetch GET 200 https://registry.npmjs.org/cycle 342ms (cache revalidated)
npm http fetch GET 200 https://registry.npmjs.org/stack-trace 355ms (cache revalidated)
npm http fetch GET 200 https://registry.npmjs.org/cliui 350ms (cache revalidated)
npm http fetch GET 200 https://registry.npmjs.org/which-module 349ms (cache revalidated)
npm http fetch GET 200 https://registry.npmjs.org/decamelize 357ms (cache revalidated)
npm http fetch GET 200 https://registry.npmjs.org/get-caller-file 357ms (cache revalidated)
npm http fetch GET 200 https://registry.npmjs.org/require-directory 357ms (cache revalidated)
npm http fetch GET 200 https://registry.npmjs.org/require-main-filename 402ms (cache revalidated)
npm http fetch GET 200 https://registry.npmjs.org/is-in-ci 825ms (cache revalidated)
npm http fetch GET 200 https://registry.npmjs.org/lodash.isplainobject 68ms (cache revalidated)
npm http fetch GET 200 https://registry.npmjs.org/normalize-path 79ms (cache revalidated)
npm http fetch GET 200 https://registry.npmjs.org/bl 74ms (cache revalidated)
npm http fetch GET 200 https://registry.npmjs.org/fs-constants 79ms (cache revalidated)
npm http fetch GET 200 https://registry.npmjs.org/lodash.defaults 90ms (cache revalidated)
npm http fetch GET 200 https://registry.npmjs.org/lodash.difference 92ms (cache revalidated)
npm http fetch GET 200 https://registry.npmjs.org/lodash.flatten 96ms (cache revalidated)
npm http fetch GET 200 https://registry.npmjs.org/lodash.union 95ms (cache revalidated)
npm http fetch GET 200 https://registry.npmjs.org/compress-commons 91ms (cache revalidated)
npm http fetch GET 200 https://registry.npmjs.org/end-of-stream 95ms (cache revalidated)
npm http fetch GET 200 https://registry.npmjs.org/lazystream 151ms (cache revalidated)
npm http fetch GET 200 https://registry.npmjs.org/rimraf 47ms (cache revalidated)
npm http fetch GET 200 https://registry.npmjs.org/event-stream 59ms (cache revalidated)
npm http fetch GET 200 https://registry.npmjs.org/lower-case 73ms (cache revalidated)
npm http fetch GET 200 https://registry.npmjs.org/color-convert 64ms (cache revalidated)
npm http fetch GET 200 https://registry.npmjs.org/emoji-regex 52ms (cache revalidated)
npm http fetch GET 200 https://registry.npmjs.org/is-fullwidth-code-point 65ms (cache revalidated)
npm http fetch GET 200 https://registry.npmjs.org/parent-module 73ms (cache revalidated)
npm http fetch GET 200 https://registry.npmjs.org/argparse 71ms (cache revalidated)
npm http fetch GET 200 https://registry.npmjs.org/error-ex 70ms (cache revalidated)
npm http fetch GET 200 https://registry.npmjs.org/lines-and-columns 70ms (cache revalidated)
npm http fetch GET 200 https://registry.npmjs.org/json-parse-even-better-errors 88ms (cache revalidated)
npm http fetch GET 200 https://registry.npmjs.org/elliptic 110ms (cache revalidated)
npm http fetch GET 200 https://registry.npmjs.org/elliptic 115ms (cache revalidated)
npm http fetch GET 200 https://registry.npmjs.org/evp_bytestokey 128ms (cache revalidated)
npm http fetch GET 200 https://registry.npmjs.org/browserify-aes 132ms (cache revalidated)
npm http fetch GET 200 https://registry.npmjs.org/browserify-des 136ms (cache revalidated)
npm http fetch GET 200 https://registry.npmjs.org/bn.js 125ms (cache revalidated)
npm http fetch GET 200 https://registry.npmjs.org/browserify-rsa 135ms (cache revalidated)
npm http fetch GET 200 https://registry.npmjs.org/ripemd160 125ms (cache revalidated)
npm http fetch GET 200 https://registry.npmjs.org/bn.js 139ms (cache revalidated)
npm http fetch GET 200 https://registry.npmjs.org/parse-asn1 135ms (cache revalidated)
npm http fetch GET 200 https://registry.npmjs.org/hash-base 137ms (cache revalidated)
npm http fetch GET 200 https://registry.npmjs.org/miller-rabin 122ms (cache revalidated)
npm http fetch GET 200 https://registry.npmjs.org/ripemd160 133ms (cache revalidated)
npm http fetch GET 200 https://registry.npmjs.org/parse-asn1 129ms (cache revalidated)
npm http fetch GET 200 https://registry.npmjs.org/browserify-rsa 146ms (cache revalidated)
npm http fetch GET 200 https://registry.npmjs.org/cipher-base 602ms (cache revalidated)
npm http fetch GET 200 https://registry.npmjs.org/cipher-base 623ms (cache revalidated)
npm http fetch GET 200 https://registry.npmjs.org/md5.js 623ms (cache revalidated)
npm http fetch GET 200 https://registry.npmjs.org/des.js 59ms (cache revalidated)
npm http fetch GET 200 https://registry.npmjs.org/buffer-xor 82ms (cache revalidated)
npm http fetch GET 200 https://registry.npmjs.org/minimalistic-assert 62ms (cache revalidated)
npm http fetch GET 200 https://registry.npmjs.org/brorand 83ms (cache revalidated)
npm http fetch GET 200 https://registry.npmjs.org/asn1.js 88ms (cache revalidated)
npm http fetch GET 200 https://registry.npmjs.org/minimalistic-crypto-utils 95ms (cache revalidated)
npm http fetch GET 200 https://registry.npmjs.org/hmac-drbg 98ms (cache revalidated)
npm http fetch GET 200 https://registry.npmjs.org/hash.js 584ms (cache revalidated)
npm http fetch GET 200 https://registry.npmjs.org/get-stream 110ms (cache revalidated)
npm http fetch GET 200 https://registry.npmjs.org/lodash.once 135ms (cache revalidated)
npm http fetch GET 200 https://registry.npmjs.org/signal-exit 120ms (cache revalidated)
npm http fetch GET 200 https://registry.npmjs.org/restore-cursor 133ms (cache revalidated)
npm http fetch GET 200 https://registry.npmjs.org/npm-run-path 127ms (cache revalidated)
npm http fetch GET 200 https://registry.npmjs.org/strip-final-newline 126ms (cache revalidated)
npm http fetch GET 200 https://registry.npmjs.org/human-signals 127ms (cache revalidated)
npm http fetch GET 200 https://registry.npmjs.org/ci-info 122ms (cache revalidated)
npm http fetch GET 200 https://registry.npmjs.org/cross-spawn 131ms (cache revalidated)
npm http fetch GET 200 https://registry.npmjs.org/get-stream 126ms (cache revalidated)
npm http fetch GET 200 https://registry.npmjs.org/onetime 134ms (cache revalidated)
npm http fetch GET 200 https://registry.npmjs.org/@types%2fyauzl 129ms (cache revalidated)
npm http fetch GET 200 https://registry.npmjs.org/merge-stream 134ms (cache revalidated)
npm http fetch GET 200 https://registry.npmjs.org/rfdc 126ms (cache revalidated)
npm http fetch GET 200 https://registry.npmjs.org/cli-truncate 127ms (cache revalidated)
npm http fetch GET 200 https://registry.npmjs.org/p-map 141ms (cache revalidated)
npm http fetch GET 200 https://registry.npmjs.org/colorette 141ms (cache revalidated)
npm http fetch GET 200 https://registry.npmjs.org/fd-slicer 133ms (cache revalidated)
npm http fetch GET 200 https://registry.npmjs.org/is-unicode-supported 143ms (cache revalidated)
npm http fetch GET 200 https://registry.npmjs.org/wrap-ansi 151ms (cache revalidated)
npm http fetch GET 200 https://registry.npmjs.org/throttleit 144ms (cache revalidated)
npm http fetch GET 200 https://registry.npmjs.org/rxjs 163ms (cache revalidated)
npm http fetch GET 200 https://registry.npmjs.org/log-update 170ms (cache revalidated)
npm http fetch GET 200 https://registry.npmjs.org/delayed-stream 89ms (cache revalidated)
npm http fetch GET 200 https://registry.npmjs.org/mime-db 76ms (cache revalidated)
npm http fetch GET 200 https://registry.npmjs.org/sshpk 93ms (cache revalidated)
npm http fetch GET 200 https://registry.npmjs.org/assert-plus 97ms (cache revalidated)
npm http fetch GET 200 https://registry.npmjs.org/side-channel 85ms (cache revalidated)
npm http fetch GET 200 https://registry.npmjs.org/psl 84ms (cache revalidated)
npm http fetch GET 200 https://registry.npmjs.org/url-parse 85ms (cache revalidated)
npm http fetch GET 200 https://registry.npmjs.org/jsprim 111ms (cache revalidated)
npm http fetch GET 200 https://registry.npmjs.org/asynckit 145ms (cache revalidated)
npm http fetch GET 200 https://registry.npmjs.org/cross-fetch 49ms (cache revalidated)
npm http fetch GET 200 https://registry.npmjs.org/es6-promise 63ms (cache revalidated)
npm http fetch GET 200 https://registry.npmjs.org/seek-bzip 109ms (cache revalidated)
npm http fetch GET 200 https://registry.npmjs.org/is-natural-number 99ms (cache revalidated)
npm http fetch GET 200 https://registry.npmjs.org/unbzip2-stream 110ms (cache revalidated)
npm http fetch GET 200 https://registry.npmjs.org/file-type 590ms (cache revalidated)
npm http fetch GET 200 https://registry.npmjs.org/file-type 592ms (cache revalidated)
npm http fetch GET 200 https://registry.npmjs.org/file-type 607ms (cache revalidated)
npm http fetch GET 200 https://registry.npmjs.org/buffer-alloc 59ms (cache revalidated)
npm http fetch GET 200 https://registry.npmjs.org/to-buffer 68ms (cache revalidated)
npm http fetch GET 200 https://registry.npmjs.org/pinkie-promise 56ms (cache revalidated)
npm http fetch GET 200 https://registry.npmjs.org/fast-safe-stringify 75ms (cache revalidated)
npm http fetch GET 200 https://registry.npmjs.org/pump 81ms (cache revalidated)
npm http fetch GET 200 https://registry.npmjs.org/shebang-command 84ms (cache revalidated)
npm http fetch GET 200 https://registry.npmjs.org/mimic-fn 78ms (cache revalidated)
npm http fetch GET 200 https://registry.npmjs.org/path-key 81ms (cache revalidated)
npm http fetch GET 200 https://registry.npmjs.org/which 97ms (cache revalidated)
npm http fetch GET 200 https://registry.npmjs.org/path-key 103ms (cache revalidated)
npm http fetch GET 200 https://registry.npmjs.org/isexe 49ms (cache revalidated)
npm http fetch GET 200 https://registry.npmjs.org/shebang-regex 58ms (cache revalidated)
npm http fetch GET 200 https://registry.npmjs.org/undici-types 52ms (cache revalidated)
npm http fetch GET 200 https://registry.npmjs.org/pinkie 59ms (cache revalidated)
npm http fetch GET 200 https://registry.npmjs.org/@pkgjs%2fparseargs 102ms (cache revalidated)
npm http fetch GET 200 https://registry.npmjs.org/@isaacs%2fcliui 117ms (cache revalidated)
npm http fetch GET 200 https://registry.npmjs.org/dashdash 69ms (cache revalidated)
npm http fetch GET 200 https://registry.npmjs.org/json-schema 77ms (cache revalidated)
npm http fetch GET 200 https://registry.npmjs.org/jsbn 99ms (cache revalidated)
npm http fetch GET 200 https://registry.npmjs.org/safer-buffer 101ms (cache revalidated)
npm http fetch GET 200 https://registry.npmjs.org/tweetnacl 104ms (cache revalidated)
npm http fetch GET 200 https://registry.npmjs.org/bcrypt-pbkdf 104ms (cache revalidated)
npm http fetch GET 200 https://registry.npmjs.org/verror 111ms (cache revalidated)
npm http fetch GET 200 https://registry.npmjs.org/asn1 110ms (cache revalidated)
npm http fetch GET 200 https://registry.npmjs.org/extsprintf 113ms (cache revalidated)
npm http fetch GET 200 https://registry.npmjs.org/getpass 109ms (cache revalidated)
npm http fetch GET 200 https://registry.npmjs.org/ecc-jsbn 107ms (cache revalidated)
npm http fetch GET 200 https://registry.npmjs.org/callsites 52ms (cache revalidated)
npm http fetch GET 200 https://registry.npmjs.org/acorn 63ms (cache revalidated)
npm http fetch GET 200 https://registry.npmjs.org/simple-concat 57ms (cache revalidated)
npm http fetch GET 200 https://registry.npmjs.org/get-assigned-identifiers 70ms (cache revalidated)
npm http fetch GET 200 https://registry.npmjs.org/acorn-walk 84ms (cache revalidated)
npm http fetch GET 200 https://registry.npmjs.org/dash-ast 89ms (cache revalidated)
npm http fetch GET 200 https://registry.npmjs.org/eastasianwidth 57ms (cache revalidated)
npm http fetch GET 200 https://registry.npmjs.org/ansi-escapes 53ms (cache revalidated)
npm http fetch GET 200 https://registry.npmjs.org/aggregate-error 84ms (cache revalidated)
npm http fetch GET 200 https://registry.npmjs.org/astral-regex 45ms (cache revalidated)
npm http fetch GET 200 https://registry.npmjs.org/node-fetch 80ms (cache revalidated)
npm http fetch GET 200 https://registry.npmjs.org/whatwg-url 63ms (cache revalidated)
npm http fetch GET 200 https://registry.npmjs.org/concat-map 57ms (cache revalidated)
npm http fetch GET 200 https://registry.npmjs.org/balanced-match 83ms (cache revalidated)
npm http fetch GET 200 https://registry.npmjs.org/braces 106ms (cache revalidated)
npm http fetch GET 200 https://registry.npmjs.org/fsevents 102ms (cache revalidated)
npm http fetch GET 200 https://registry.npmjs.org/is-glob 110ms (cache revalidated)
npm http fetch GET 200 https://registry.npmjs.org/glob-parent 112ms (cache revalidated)
npm http fetch GET 200 https://registry.npmjs.org/is-plain-obj 84ms (cache revalidated)
npm http fetch GET 200 https://registry.npmjs.org/camelcase 87ms (cache revalidated)
npm http fetch GET 200 https://registry.npmjs.org/locate-path 105ms (cache revalidated)
npm http fetch GET 200 https://registry.npmjs.org/readdirp 112ms (cache revalidated)
npm http fetch GET 200 https://registry.npmjs.org/path-exists 108ms (cache revalidated)
npm http fetch GET 200 https://registry.npmjs.org/flat 103ms (cache revalidated)
npm http fetch GET 200 https://registry.npmjs.org/is-binary-path 142ms (cache revalidated)
npm http fetch GET 200 https://registry.npmjs.org/is-extglob 58ms (cache revalidated)
npm http fetch GET 200 https://registry.npmjs.org/picomatch 64ms (cache revalidated)
npm http fetch GET 200 https://registry.npmjs.org/fill-range 76ms (cache revalidated)
npm http fetch GET 200 https://registry.npmjs.org/picomatch 81ms (cache revalidated)
npm http fetch GET 200 https://registry.npmjs.org/binary-extensions 80ms (cache revalidated)
npm http fetch GET 200 https://registry.npmjs.org/to-regex-range 45ms (cache revalidated)
npm http fetch GET 200 https://registry.npmjs.org/is-number 49ms (cache revalidated)
npm http fetch GET 200 https://registry.npmjs.org/p-locate 65ms (cache revalidated)
npm http fetch GET 200 https://registry.npmjs.org/p-limit 48ms (cache revalidated)
npm http fetch GET 200 https://registry.npmjs.org/define-lazy-prop 58ms (cache revalidated)
npm http fetch GET 200 https://registry.npmjs.org/is-wsl 58ms (cache revalidated)
npm http fetch GET 200 https://registry.npmjs.org/is-docker 59ms (cache revalidated)
npm http fetch GET 200 https://registry.npmjs.org/traverse-chain 77ms (cache revalidated)
npm http fetch GET 200 https://registry.npmjs.org/thenify 79ms (cache revalidated)
npm http fetch GET 200 https://registry.npmjs.org/tr46 60ms (cache revalidated)
npm http fetch GET 200 https://registry.npmjs.org/webidl-conversions 64ms (cache revalidated)
npm http fetch GET 200 https://registry.npmjs.org/easy-stack 73ms (cache revalidated)
npm http fetch GET 200 https://registry.npmjs.org/get-intrinsic 68ms (cache revalidated)
npm http fetch GET 200 https://registry.npmjs.org/es-errors 72ms (cache revalidated)
npm http fetch GET 200 https://registry.npmjs.org/es-define-property 75ms (cache revalidated)
npm http fetch GET 200 https://registry.npmjs.org/set-function-length 74ms (cache revalidated)
npm http fetch GET 200 https://registry.npmjs.org/has-property-descriptors 71ms (cache revalidated)
npm http fetch GET 200 https://registry.npmjs.org/define-data-property 73ms (cache revalidated)
npm http fetch GET 200 https://registry.npmjs.org/function-bind 82ms (cache revalidated)
npm http fetch GET 200 https://registry.npmjs.org/hasown 52ms (cache revalidated)
npm http fetch GET 200 https://registry.npmjs.org/gopd 55ms (cache revalidated)
npm http fetch GET 200 https://registry.npmjs.org/has-proto 63ms (cache revalidated)
npm http fetch GET 200 https://registry.npmjs.org/yocto-queue 49ms (cache revalidated)
npm http fetch GET 200 https://registry.npmjs.org/clean-stack 57ms (cache revalidated)
npm http fetch GET 200 https://registry.npmjs.org/is-arrayish 64ms (cache revalidated)
npm http fetch GET 200 https://registry.npmjs.org/stream-combiner 55ms (cache revalidated)
npm http fetch GET 200 https://registry.npmjs.org/from 65ms (cache revalidated)
npm http fetch GET 200 https://registry.npmjs.org/pause-stream 64ms (cache revalidated)
npm http fetch GET 200 https://registry.npmjs.org/duplexer 79ms (cache revalidated)
npm http fetch GET 200 https://registry.npmjs.org/map-stream 125ms (cache revalidated)
npm http fetch GET 200 https://registry.npmjs.org/object-inspect 51ms (cache revalidated)
npm http fetch GET 200 https://registry.npmjs.org/normalize-package-data 63ms (cache revalidated)
npm http fetch GET 200 https://registry.npmjs.org/@types%2fnormalize-package-data 67ms (cache revalidated)
npm http fetch GET 200 https://registry.npmjs.org/hosted-git-info 52ms (cache revalidated)
npm http fetch GET 200 https://registry.npmjs.org/validate-npm-package-license 79ms (cache revalidated)
npm http fetch GET 200 https://registry.npmjs.org/spdx-correct 64ms (cache revalidated)
npm http fetch GET 200 https://registry.npmjs.org/spdx-expression-parse 75ms (cache revalidated)
npm http fetch GET 200 https://registry.npmjs.org/unicode-canonical-property-names-ecmascript 51ms (cache revalidated)
npm http fetch GET 200 https://registry.npmjs.org/unicode-property-aliases-ecmascript 90ms (cache revalidated)
npm http fetch GET 200 https://registry.npmjs.org/har-schema 71ms (cache revalidated)
npm http fetch GET 200 https://registry.npmjs.org/fast-json-stable-stringify 83ms (cache revalidated)
npm http fetch GET 200 https://registry.npmjs.org/json-schema-traverse 86ms (cache revalidated)
npm http fetch GET 200 https://registry.npmjs.org/uri-js 91ms (cache revalidated)
npm http fetch GET 200 https://registry.npmjs.org/fast-deep-equal 92ms (cache revalidated)
npm http fetch GET 200 https://registry.npmjs.org/jsonify 71ms (cache revalidated)
npm http fetch GET 200 https://registry.npmjs.org/wrappy 45ms (cache revalidated)
npm http fetch GET 200 https://registry.npmjs.org/requires-port 53ms (cache revalidated)
npm http fetch GET 200 https://registry.npmjs.org/querystringify 55ms (cache revalidated)
npm http fetch GET 200 https://registry.npmjs.org/dot-prop 89ms (cache revalidated)
npm http fetch GET 200 https://registry.npmjs.org/write-file-atomic 91ms (cache revalidated)
npm http fetch GET 200 https://registry.npmjs.org/widest-line 99ms (cache revalidated)
npm http fetch GET 200 https://registry.npmjs.org/ansi-align 107ms (cache revalidated)
npm http fetch GET 200 https://registry.npmjs.org/cli-boxes 118ms (cache revalidated)
npm http fetch GET 200 https://registry.npmjs.org/package-json 114ms (cache revalidated)
npm http fetch GET 200 https://registry.npmjs.org/escape-goat 139ms (cache revalidated)
npm http fetch GET 200 https://registry.npmjs.org/unique-string 154ms (cache revalidated)
npm http fetch GET 200 https://registry.npmjs.org/imurmurhash 58ms (cache revalidated)
npm http fetch GET 200 https://registry.npmjs.org/crypto-random-string 63ms (cache revalidated)
npm http fetch GET 200 https://registry.npmjs.org/is-obj 78ms (cache revalidated)
npm http fetch GET 200 https://registry.npmjs.org/typedarray-to-buffer 85ms (cache revalidated)
npm http fetch GET 200 https://registry.npmjs.org/got 59ms (cache revalidated)
npm http fetch GET 200 https://registry.npmjs.org/registry-url 75ms (cache revalidated)
npm http fetch GET 200 https://registry.npmjs.org/registry-auth-token 75ms (cache revalidated)
npm http fetch GET 200 https://registry.npmjs.org/decompress-response 78ms (cache revalidated)
npm http fetch GET 200 https://registry.npmjs.org/cacheable-lookup 94ms (cache revalidated)
npm http fetch GET 200 https://registry.npmjs.org/http2-wrapper 100ms (cache revalidated)
npm http fetch GET 200 https://registry.npmjs.org/cacheable-request 99ms (cache revalidated)
npm http fetch GET 200 https://registry.npmjs.org/p-cancelable 111ms (cache revalidated)
npm http fetch GET 200 https://registry.npmjs.org/rc 102ms (cache revalidated)
npm http fetch GET 200 https://registry.npmjs.org/form-data-encoder 109ms (cache revalidated)
npm http fetch GET 200 https://registry.npmjs.org/@szmarczak%2fhttp-timer 140ms (cache revalidated)
npm http fetch GET 200 https://registry.npmjs.org/responselike 156ms (cache revalidated)
npm http fetch GET 200 https://registry.npmjs.org/@sindresorhus%2fis 155ms (cache revalidated)
npm http fetch GET 200 https://registry.npmjs.org/@pnpm%2fnpm-conf 229ms (cache revalidated)
npm http fetch GET 200 https://registry.npmjs.org/lowercase-keys 583ms (cache revalidated)
npm http fetch GET 200 https://registry.npmjs.org/keyv 71ms (cache revalidated)
npm http fetch GET 200 https://registry.npmjs.org/http-cache-semantics 82ms (cache revalidated)
npm http fetch GET 200 https://registry.npmjs.org/mimic-response 85ms (cache revalidated)
npm http fetch GET 200 https://registry.npmjs.org/mimic-response 84ms (cache revalidated)
npm http fetch GET 200 https://registry.npmjs.org/defer-to-connect 101ms (cache revalidated)
npm http fetch GET 200 https://registry.npmjs.org/normalize-url 94ms (cache revalidated)
npm http fetch GET 200 https://registry.npmjs.org/quick-lru 98ms (cache revalidated)
npm http fetch GET 200 https://registry.npmjs.org/resolve-alpn 108ms (cache revalidated)
npm http fetch GET 200 https://registry.npmjs.org/@types%2fhttp-cache-semantics 140ms (cache revalidated)
npm http fetch GET 200 https://registry.npmjs.org/json-buffer 58ms (cache revalidated)
npm http fetch GET 200 https://registry.npmjs.org/config-chain 56ms (cache revalidated)
npm http fetch GET 200 https://registry.npmjs.org/@pnpm%2fconfig.env-replace 166ms (cache revalidated)
npm http fetch GET 200 https://registry.npmjs.org/@pnpm%2fnetwork.ca-file 229ms (cache revalidated)
npm http fetch GET 200 https://registry.npmjs.org/proto-list 97ms (cache revalidated)
npm http fetch GET 200 https://registry.npmjs.org/deep-extend 68ms (cache revalidated)
npm http fetch GET 200 https://registry.npmjs.org/spdx-exceptions 54ms (cache revalidated)
npm http fetch GET 200 https://registry.npmjs.org/spdx-license-ids 81ms (cache revalidated)
npm http fetch GET 200 https://registry.npmjs.org/pend 59ms (cache revalidated)
npm http fetch GET 200 https://registry.npmjs.org/crc32-stream 68ms (cache revalidated)
npm http fetch GET 200 https://registry.npmjs.org/crc-32 53ms (cache revalidated)
npm http fetch GET 200 https://registry.npmjs.org/color-name 52ms (cache revalidated)
npm http fetch GET 200 https://registry.npmjs.org/buffer-alloc-unsafe 57ms (cache revalidated)
npm http fetch GET 200 https://registry.npmjs.org/buffer-fill 92ms (cache revalidated)
npm http fetch GET 200 https://registry.npmjs.org/p-try 47ms (cache revalidated)
npm http fetch GET 200 https://registry.npmjs.org/is-arguments 57ms (cache revalidated)
npm http fetch GET 200 https://registry.npmjs.org/is-typed-array 61ms (cache revalidated)
npm http fetch GET 200 https://registry.npmjs.org/is-generator-function 81ms (cache revalidated)
npm http fetch GET 200 https://registry.npmjs.org/which-typed-array 105ms (cache revalidated)
npm http fetch GET 200 https://registry.npmjs.org/for-each 59ms (cache revalidated)
npm http fetch GET 200 https://registry.npmjs.org/has-tostringtag 62ms (cache revalidated)
npm http fetch GET 200 https://registry.npmjs.org/has-tostringtag 75ms (cache revalidated)
npm http fetch GET 200 https://registry.npmjs.org/available-typed-arrays 108ms (cache revalidated)
npm http fetch GET 200 https://registry.npmjs.org/possible-typed-array-names 55ms (cache revalidated)
npm http fetch GET 200 https://registry.npmjs.org/is-callable 57ms (cache revalidated)
npm verb reify failed optional dependency C:\Users\walek\Desktop\Cohort4\ThirdOfAugust\tmpBstackPackages\node_modules\fsevents
npm verb reify failed optional dependency C:\Users\walek\Desktop\Cohort4\ThirdOfAugust\tmpBstackPackages\node_modules\@esbuild\win32-ia32
npm verb reify failed optional dependency C:\Users\walek\Desktop\Cohort4\ThirdOfAugust\tmpBstackPackages\node_modules\@esbuild\win32-arm64
npm verb reify failed optional dependency C:\Users\walek\Desktop\Cohort4\ThirdOfAugust\tmpBstackPackages\node_modules\@esbuild\sunos-x64
npm verb reify failed optional dependency C:\Users\walek\Desktop\Cohort4\ThirdOfAugust\tmpBstackPackages\node_modules\@esbuild\openbsd-x64
npm verb reify failed optional dependency C:\Users\walek\Desktop\Cohort4\ThirdOfAugust\tmpBstackPackages\node_modules\@esbuild\openbsd-arm64
npm verb reify failed optional dependency C:\Users\walek\Desktop\Cohort4\ThirdOfAugust\tmpBstackPackages\node_modules\@esbuild\netbsd-x64
npm verb reify failed optional dependency C:\Users\walek\Desktop\Cohort4\ThirdOfAugust\tmpBstackPackages\node_modules\@esbuild\linux-x64
npm verb reify failed optional dependency C:\Users\walek\Desktop\Cohort4\ThirdOfAugust\tmpBstackPackages\node_modules\@esbuild\linux-s390x
npm verb reify failed optional dependency C:\Users\walek\Desktop\Cohort4\ThirdOfAugust\tmpBstackPackages\node_modules\@esbuild\linux-riscv64
npm verb reify failed optional dependency C:\Users\walek\Desktop\Cohort4\ThirdOfAugust\tmpBstackPackages\node_modules\@esbuild\linux-ppc64
npm verb reify failed optional dependency C:\Users\walek\Desktop\Cohort4\ThirdOfAugust\tmpBstackPackages\node_modules\@esbuild\linux-mips64el
npm verb reify failed optional dependency C:\Users\walek\Desktop\Cohort4\ThirdOfAugust\tmpBstackPackages\node_modules\@esbuild\linux-loong64
npm verb reify failed optional dependency C:\Users\walek\Desktop\Cohort4\ThirdOfAugust\tmpBstackPackages\node_modules\@esbuild\linux-ia32
npm verb reify failed optional dependency C:\Users\walek\Desktop\Cohort4\ThirdOfAugust\tmpBstackPackages\node_modules\@esbuild\linux-arm64
npm verb reify failed optional dependency C:\Users\walek\Desktop\Cohort4\ThirdOfAugust\tmpBstackPackages\node_modules\@esbuild\linux-arm
npm verb reify failed optional dependency C:\Users\walek\Desktop\Cohort4\ThirdOfAugust\tmpBstackPackages\node_modules\@esbuild\freebsd-x64
npm verb reify failed optional dependency C:\Users\walek\Desktop\Cohort4\ThirdOfAugust\tmpBstackPackages\node_modules\@esbuild\freebsd-arm64
npm verb reify failed optional dependency C:\Users\walek\Desktop\Cohort4\ThirdOfAugust\tmpBstackPackages\node_modules\@esbuild\darwin-x64
npm verb reify failed optional dependency C:\Users\walek\Desktop\Cohort4\ThirdOfAugust\tmpBstackPackages\node_modules\@esbuild\darwin-arm64
npm verb reify failed optional dependency C:\Users\walek\Desktop\Cohort4\ThirdOfAugust\tmpBstackPackages\node_modules\@esbuild\android-x64
npm verb reify failed optional dependency C:\Users\walek\Desktop\Cohort4\ThirdOfAugust\tmpBstackPackages\node_modules\@esbuild\android-arm64
npm verb reify failed optional dependency C:\Users\walek\Desktop\Cohort4\ThirdOfAugust\tmpBstackPackages\node_modules\@esbuild\android-arm
npm verb reify failed optional dependency C:\Users\walek\Desktop\Cohort4\ThirdOfAugust\tmpBstackPackages\node_modules\@esbuild\aix-ppc64
npm verb reify failed optional dependency C:\Users\walek\Desktop\Cohort4\ThirdOfAugust\tmpBstackPackages\node_modules\@badeball\cypress-configuration\node_modules\@esbuild\win32-ia32
npm verb reify failed optional dependency C:\Users\walek\Desktop\Cohort4\ThirdOfAugust\tmpBstackPackages\node_modules\@badeball\cypress-configuration\node_modules\@esbuild\win32-arm64
npm verb reify failed optional dependency C:\Users\walek\Desktop\Cohort4\ThirdOfAugust\tmpBstackPackages\node_modules\@badeball\cypress-configuration\node_modules\@esbuild\sunos-x64
npm verb reify failed optional dependency C:\Users\walek\Desktop\Cohort4\ThirdOfAugust\tmpBstackPackages\node_modules\@badeball\cypress-configuration\node_modules\@esbuild\openbsd-x64
npm verb reify failed optional dependency C:\Users\walek\Desktop\Cohort4\ThirdOfAugust\tmpBstackPackages\node_modules\@badeball\cypress-configuration\node_modules\@esbuild\netbsd-x64
npm verb reify failed optional dependency C:\Users\walek\Desktop\Cohort4\ThirdOfAugust\tmpBstackPackages\node_modules\@badeball\cypress-configuration\node_modules\@esbuild\linux-x64
npm verb reify failed optional dependency C:\Users\walek\Desktop\Cohort4\ThirdOfAugust\tmpBstackPackages\node_modules\@badeball\cypress-configuration\node_modules\@esbuild\linux-s390x
npm verb reify failed optional dependency C:\Users\walek\Desktop\Cohort4\ThirdOfAugust\tmpBstackPackages\node_modules\@badeball\cypress-configuration\node_modules\@esbuild\linux-riscv64
npm verb reify failed optional dependency C:\Users\walek\Desktop\Cohort4\ThirdOfAugust\tmpBstackPackages\node_modules\@badeball\cypress-configuration\node_modules\@esbuild\linux-ppc64
npm verb reify failed optional dependency C:\Users\walek\Desktop\Cohort4\ThirdOfAugust\tmpBstackPackages\node_modules\@badeball\cypress-configuration\node_modules\@esbuild\linux-mips64el
npm verb reify failed optional dependency C:\Users\walek\Desktop\Cohort4\ThirdOfAugust\tmpBstackPackages\node_modules\@badeball\cypress-configuration\node_modules\@esbuild\linux-loong64
npm verb reify failed optional dependency C:\Users\walek\Desktop\Cohort4\ThirdOfAugust\tmpBstackPackages\node_modules\@badeball\cypress-configuration\node_modules\@esbuild\linux-ia32
npm verb reify failed optional dependency C:\Users\walek\Desktop\Cohort4\ThirdOfAugust\tmpBstackPackages\node_modules\@badeball\cypress-configuration\node_modules\@esbuild\linux-arm64
npm verb reify failed optional dependency C:\Users\walek\Desktop\Cohort4\ThirdOfAugust\tmpBstackPackages\node_modules\@badeball\cypress-configuration\node_modules\@esbuild\linux-arm
npm verb reify failed optional dependency C:\Users\walek\Desktop\Cohort4\ThirdOfAugust\tmpBstackPackages\node_modules\@badeball\cypress-configuration\node_modules\@esbuild\freebsd-x64
npm verb reify failed optional dependency C:\Users\walek\Desktop\Cohort4\ThirdOfAugust\tmpBstackPackages\node_modules\@badeball\cypress-configuration\node_modules\@esbuild\freebsd-arm64
npm verb reify failed optional dependency C:\Users\walek\Desktop\Cohort4\ThirdOfAugust\tmpBstackPackages\node_modules\@badeball\cypress-configuration\node_modules\@esbuild\darwin-x64
npm verb reify failed optional dependency C:\Users\walek\Desktop\Cohort4\ThirdOfAugust\tmpBstackPackages\node_modules\@badeball\cypress-configuration\node_modules\@esbuild\darwin-arm64
npm verb reify failed optional dependency C:\Users\walek\Desktop\Cohort4\ThirdOfAugust\tmpBstackPackages\node_modules\@badeball\cypress-configuration\node_modules\@esbuild\android-x64
npm verb reify failed optional dependency C:\Users\walek\Desktop\Cohort4\ThirdOfAugust\tmpBstackPackages\node_modules\@badeball\cypress-configuration\node_modules\@esbuild\android-arm64
npm verb reify failed optional dependency C:\Users\walek\Desktop\Cohort4\ThirdOfAugust\tmpBstackPackages\node_modules\@badeball\cypress-configuration\node_modules\@esbuild\android-arm
npm verb reify failed optional dependency C:\Users\walek\Desktop\Cohort4\ThirdOfAugust\tmpBstackPackages\node_modules\@badeball\cypress-configuration\node_modules\@esbuild\aix-ppc64
npm http fetch POST 200 https://registry.npmjs.org/-/npm/v1/security/advisories/bulk 2052ms
npm WARN deprecated inflight@1.0.6: This module is not supported, and leaks memory. Do not use it. Check out lru-cache if you want a good and tested way to coalesce async requests by a key value, which is much more comprehensive and powerful.
npm WARN deprecated @babel/plugin-proposal-class-properties@7.18.6: This proposal has been merged to the ECMAScript standard and thus this plugin is no longer maintained. Please use @babel/plugin-transform-class-properties instead.
npm WARN deprecated rimraf@2.5.4: Rimraf versions prior to v4 are no longer supported
npm WARN deprecated har-validator@5.1.5: this library is no longer supported
npm WARN deprecated @babel/plugin-proposal-object-rest-spread@7.20.7: This proposal has been merged to the ECMAScript standard and thus this plugin is no longer maintained. Please use @babel/plugin-transform-object-rest-spread instead.
npm WARN deprecated glob@7.2.3: Glob versions prior to v9 are no longer supported
npm WARN deprecated glob@7.2.3: Glob versions prior to v9 are no longer supported
npm WARN deprecated glob@7.2.3: Glob versions prior to v9 are no longer supported
npm WARN deprecated glob@7.2.3: Glob versions prior to v9 are no longer supported
npm WARN deprecated glob@7.2.3: Glob versions prior to v9 are no longer supported
npm WARN deprecated glob@8.1.0: Glob versions prior to v9 are no longer supported
npm WARN deprecated glob@7.2.3: Glob versions prior to v9 are no longer supported
npm WARN deprecated glob@7.2.3: Glob versions prior to v9 are no longer supported
npm WARN deprecated reflect-metadata@0.2.1: This version has a critical bug in fallback handling. Please upgrade to reflect-metadata@0.2.2 or newer.
npm WARN deprecated reflect-metadata@0.2.1: This version has a critical bug in fallback handling. Please upgrade to reflect-metadata@0.2.2 or newer.
npm WARN deprecated reflect-metadata@0.2.1: This version has a critical bug in fallback handling. Please upgrade to reflect-metadata@0.2.2 or newer.
npm WARN deprecated uuid@3.4.0: Please upgrade  to version 7 or higher.  Older versions may use Math.random() in certain circumstances, which is known to be problematic.  See https://v8.dev/blog/math-random for details.
npm WARN deprecated request@2.88.2: request has been deprecated, see https://github.com/request/request/issues/3142
npm info run cypress@13.13.3 postinstall node_modules/cypress node index.js --exec install
npm info run esbuild@0.23.1 postinstall node_modules/esbuild node install.js
npm info run esbuild@0.19.12 postinstall node_modules/@badeball/cypress-configuration/node_modules/esbuild node install.js
npm info run cypress@13.13.3 postinstall { code: 0, signal: null }
npm info run esbuild@0.23.1 postinstall { code: 0, signal: null }
npm info run esbuild@0.19.12 postinstall { code: 0, signal: null }

added 952 packages, and audited 953 packages in 52s

140 packages are looking for funding
  run `npm fund` for details

3 moderate severity vulnerabilities

To address all issues (including breaking changes), run:
  npm audit fix --force

Run `npm audit` for details.
npm verb exit 0
npm info ok 
